#
# There is insufficient memory for the Java Runtime Environment to continue.
# Native memory allocation (malloc) failed to allocate 1048576 bytes for AllocateHeap
# Possible reasons:
#   The system is out of physical RAM or swap space
#   In 32 bit mode, the process size limit was hit
# Possible solutions:
#   Reduce memory load on the system
#   Increase physical memory or swap space
#   Check if swap backing store is full
#   Use 64 bit Java on a 64 bit OS
#   Decrease Java heap size (-Xmx/-Xms)
#   Decrease number of Java threads
#   Decrease Java thread stack sizes (-Xss)
#   Set larger code cache with -XX:ReservedCodeCacheSize=
# This output file may be truncated or incomplete.
#
#  Out of Memory Error (memory/allocation.inline.hpp:61), pid=2664, tid=0x000000000000f7d0
#
# JRE version:  (8.0_121-b13) (build )
# Java VM: Java HotSpot(TM) 64-Bit Server VM (25.121-b13 mixed mode windows-amd64 compressed oops)
# Failed to write core dump. Minidumps are not enabled by default on client versions of Windows
#

---------------  T H R E A D  ---------------

Current thread (0x00000000022ad800):  JavaThread "Unknown thread" [_thread_in_vm, id=63440, stack(0x00000000020d0000,0x00000000021d0000)]

Stack: [0x00000000020d0000,0x00000000021d0000]
[error occurred during error reporting (printing stack bounds), id 0xc0000005]

Native frames: (J=compiled Java code, j=interpreted, Vv=VM code, C=native code)


---------------  P R O C E S S  ---------------

Java Threads: ( => current thread )

Other Threads:

=>0x00000000022ad800 (exited) JavaThread "Unknown thread" [_thread_in_vm, id=63440, stack(0x00000000020d0000,0x00000000021d0000)]

VM state:not at safepoint (normal execution)

VM Mutex/Monitor currently owned by a thread: None

Heap:
 PSYoungGen      total 38400K, used 665K [0x00000000d5b00000, 0x00000000d8580000, 0x0000000100000000)
  eden space 33280K, 2% used [0x00000000d5b00000,0x00000000d5ba6670,0x00000000d7b80000)
  from space 5120K, 0% used [0x00000000d8080000,0x00000000d8080000,0x00000000d8580000)
  to   space 5120K, 0% used [0x00000000d7b80000,0x00000000d7b80000,0x00000000d8080000)
 ParOldGen       total 87552K, used 0K [0x0000000081000000, 0x0000000086580000, 0x00000000d5b00000)
  object space 87552K, 0% used [0x0000000081000000,0x0000000081000000,0x0000000086580000)
 Metaspace       used 770K, capacity 4480K, committed 4480K, reserved 1056768K
  class space    used 75K, capacity 384K, committed 384K, reserved 1048576K

Card table byte_map: [0x0000000011780000,0x0000000011b80000] byte_map_base: 0x0000000011378000

Marking Bits: (ParMarkBitMap*) 0x000000006bbab6d0
 Begin Bits: [0x0000000012230000, 0x00000000141f0000)
 End Bits:   [0x00000000141f0000, 0x00000000161b0000)

Polling page: 0x00000000006f0000

CodeCache: size=245760Kb used=328Kb max_used=328Kb free=245431Kb
 bounds [0x00000000023c0000, 0x0000000002630000, 0x00000000113c0000]
 total_blobs=58 nmethods=0 adapters=38
 compilation: enabled

Compilation events (0 events):
No events

GC Heap History (0 events):
No events

Deoptimization events (0 events):
No events

Internal exceptions (0 events):
No events

Events (10 events):
Event: 0.019 loading class java/lang/Short
Event: 0.019 loading class java/lang/Short done
Event: 0.019 loading class java/lang/Integer
Event: 0.019 loading class java/lang/Integer done
Event: 0.019 loading class java/lang/Long
Event: 0.019 loading class java/lang/Long done
Event: 0.019 loading class java/lang/NullPointerException
Event: 0.019 loading class java/lang/NullPointerException done
Event: 0.019 loading class java/lang/ArithmeticException
Event: 0.019 loading class java/lang/ArithmeticException done


Dynamic libraries:
0x00007ff66f5c0000 - 0x00007ff66f5f7000 	C:\Program Files\Java\jdk1.8.0_121\jre\bin\java.exe
0x00007ffe245a0000 - 0x00007ffe2474d000 	C:\Windows\SYSTEM32\ntdll.dll
0x00007ffe21fa0000 - 0x00007ffe220de000 	C:\Windows\system32\KERNEL32.DLL
0x00007ffe21a20000 - 0x00007ffe21b35000 	C:\Windows\system32\KERNELBASE.dll
0x00007ffe20290000 - 0x00007ffe2031e000 	C:\Windows\system32\apphelp.dll
0x00007ffe053c0000 - 0x00007ffe05413000 	C:\Windows\AppPatch\AppPatch64\AcGenral.DLL
0x00007ffe24040000 - 0x00007ffe240ea000 	C:\Windows\system32\msvcrt.dll
0x00007ffe21b40000 - 0x00007ffe21b6e000 	C:\Windows\system32\SspiCli.dll
0x00007ffe243a0000 - 0x00007ffe243f4000 	C:\Windows\system32\SHLWAPI.dll
0x00007ffe240f0000 - 0x00007ffe24267000 	C:\Windows\system32\USER32.dll
0x00007ffe21c20000 - 0x00007ffe21db4000 	C:\Windows\system32\ole32.dll
0x00007ffe221a0000 - 0x00007ffe236c8000 	C:\Windows\system32\SHELL32.dll
0x00007ffe20c80000 - 0x00007ffe20ca1000 	C:\Windows\SYSTEM32\USERENV.dll
0x00007ffe23830000 - 0x00007ffe238da000 	C:\Windows\system32\ADVAPI32.dll
0x00007ffe0b100000 - 0x00007ffe0b11e000 	C:\Windows\SYSTEM32\MPR.dll
0x00007ffe236d0000 - 0x00007ffe23810000 	C:\Windows\system32\RPCRT4.dll
0x00007ffe23fe0000 - 0x00007ffe24039000 	C:\Windows\SYSTEM32\sechost.dll
0x00007ffe23ba0000 - 0x00007ffe23db2000 	C:\Windows\SYSTEM32\combase.dll
0x00007ffe24440000 - 0x00007ffe2458f000 	C:\Windows\system32\GDI32.dll
0x00007ffe216c0000 - 0x00007ffe216d5000 	C:\Windows\SYSTEM32\profapi.dll
0x00007ffe1fc50000 - 0x00007ffe1fd02000 	C:\Windows\SYSTEM32\SHCORE.dll
0x00007ffe24400000 - 0x00007ffe24436000 	C:\Windows\system32\IMM32.DLL
0x00007ffe23dc0000 - 0x00007ffe23f12000 	C:\Windows\system32\MSCTF.dll
0x00007ffe1f7d0000 - 0x00007ffe1fa4b000 	C:\Windows\WinSxS\amd64_microsoft.windows.common-controls_6595b64144ccf1df_6.0.9600.18006_none_623f33d3ecbe86e8\COMCTL32.dll
0x000000006b2b0000 - 0x000000006b382000 	C:\Program Files\Java\jdk1.8.0_121\jre\bin\msvcr100.dll
0x000000006b390000 - 0x000000006bc2b000 	C:\Program Files\Java\jdk1.8.0_121\jre\bin\server\jvm.dll
0x00007ffe1ada0000 - 0x00007ffe1ada9000 	C:\Windows\SYSTEM32\WSOCK32.dll
0x00007ffe18b20000 - 0x00007ffe18b42000 	C:\Windows\SYSTEM32\WINMM.dll
0x00007ffe169c0000 - 0x00007ffe169ca000 	C:\Windows\SYSTEM32\VERSION.dll
0x00007ffe238e0000 - 0x00007ffe238e7000 	C:\Windows\system32\PSAPI.DLL
0x00007ffe24340000 - 0x00007ffe2439a000 	C:\Windows\system32\WS2_32.dll
0x00007ffe189a0000 - 0x00007ffe189ca000 	C:\Windows\SYSTEM32\WINMMBASE.dll
0x00007ffe23b90000 - 0x00007ffe23b99000 	C:\Windows\system32\NSI.dll
0x00007ffe21b70000 - 0x00007ffe21bbf000 	C:\Windows\SYSTEM32\cfgmgr32.dll
0x00007ffe204e0000 - 0x00007ffe20508000 	C:\Windows\SYSTEM32\DEVOBJ.dll
0x000000006b260000 - 0x000000006b26f000 	C:\Program Files\Java\jdk1.8.0_121\jre\bin\verify.dll
0x000000006b230000 - 0x000000006b259000 	C:\Program Files\Java\jdk1.8.0_121\jre\bin\java.dll
0x000000006b210000 - 0x000000006b226000 	C:\Program Files\Java\jdk1.8.0_121\jre\bin\zip.dll

VM Arguments:
java_command: C:\Users\fakejhon666\Desktop\Alexandria Proyectos\Colossal\target\surefire\surefirebooter9099807314329502553.jar C:\Users\fakejhon666\Desktop\Alexandria Proyectos\Colossal\target\surefire\surefire4612983901402559193tmp C:\Users\fakejhon666\Desktop\Alexandria Proyectos\Colossal\target\surefire\surefire4707208110047997393tmp
java_class_path (initial): C:\Users\fakejhon666\Desktop\Alexandria Proyectos\Colossal\target\surefire\surefirebooter9099807314329502553.jar
Launcher Type: SUN_STANDARD

Environment Variables:
JAVA_HOME=C:\Program Files\Java\jdk1.8.0_121
PATH=C:\ProgramData\Oracle\Java\javapath;C:\Program Files (x86)\Common Files\Intel\Shared Files\cpp\bin\Intel64;C:\Program Files\Broadcom\Broadcom 802.11;C:\Program Files (x86)\Intel\iCLS Client\;C:\Program Files\Intel\iCLS Client\;C:\Windows\system32;C:\Windows;C:\Windows\System32\Wbem;C:\Windows\System32\WindowsPowerShell\v1.0\;C:\Program Files\Hewlett-Packard\SimplePass\;C:\Program Files\Intel\Intel(R) Management Engine Components\DAL;C:\Program Files\Intel\Intel(R) Management Engine Components\IPT;C:\Program Files (x86)\Intel\Intel(R) Management Engine Components\DAL;C:\Program Files (x86)\Intel\Intel(R) Management Engine Components\IPT;C:\Program Files (x86)\Skype\Phone\;C:\Program Files\nodejs\;C:\Program Files (x86)\Windows Live\Shared;C:\Program Files\Git\cmd;C:\Program Files (x86)\NVIDIA Corporation\PhysX\Common;C:\Program Files (x86)\Apache\Apache Software Foundation\apache-maven-3.3.9\bin;C:\Program Files\Common Files\Autodesk Shared\;C:\Users\fakejhon666\AppData\Roaming\npm
USERNAME=fakejhon666
OS=Windows_NT
PROCESSOR_IDENTIFIER=Intel64 Family 6 Model 69 Stepping 1, GenuineIntel



---------------  S Y S T E M  ---------------

OS: Windows 8.1 , 64 bit Build 9600 (6.3.9600.17415)

CPU:total 4 (2 cores per cpu, 2 threads per core) family 6 model 69 stepping 1, cmov, cx8, fxsr, mmx, sse, sse2, sse3, ssse3, sse4.1, sse4.2, popcnt, avx, avx2, aes, clmul, erms, lzcnt, ht, tsc, tscinvbit, bmi1, bmi2

Memory: 4k page, physical 8317080k(1232916k free), swap 8317080k(4800k free)

vm_info: Java HotSpot(TM) 64-Bit Server VM (25.121-b13) for windows-amd64 JRE (1.8.0_121-b13), built on Dec 12 2016 18:21:36 by "java_re" with MS VC++ 10.0 (VS2010)

time: Tue Jun 06 19:19:20 2017
elapsed time: 0 seconds (0d 0h 0m 0s)

